# JRE version: OpenJDK Runtime Environment (8.0_152-b02) (build 1.8.0_152-release-1024-b02)
# Java VM: OpenJDK 64-Bit Server VM (25.152-b02 mixed mode windows-amd64 compressed oops)
Heap:
 PSYoungGen      total 270336K, used 187353K [0x00000000e0000000, 0x00000000f6480000, 0x0000000100000000)
  eden space 242176K, 73% used [0x00000000e0000000,0x00000000eae1f620,0x00000000eec80000)
  from space 28160K, 32% used [0x00000000eec80000,0x00000000ef556eb0,0x00000000f0800000)
  to   space 27136K, 0% used [0x00000000f4a00000,0x00000000f4a00000,0x00000000f6480000)
 ParOldGen       total 95232K, used 45111K [0x00000000a0000000, 0x00000000a5d00000, 0x00000000e0000000)
  object space 95232K, 47% used [0x00000000a0000000,0x00000000a2c0df98,0x00000000a5d00000)
 Metaspace       used 65588K, capacity 68484K, committed 68864K, reserved 1107968K
  class space    used 8694K, capacity 9347K, committed 9472K, reserved 1048576K
GC Heap History (10 events):
Event: 7.967 GC heap before
{Heap before GC invocations=10 (full 2):
 PSYoungGen      total 138240K, used 128000K [0x00000000e0000000, 0x00000000ecc80000, 0x0000000100000000)
  eden space 128000K, 100% used [0x00000000e0000000,0x00000000e7d00000,0x00000000e7d00000)
  from space 10240K, 0% used [0x00000000e7d00000,0x00000000e7d00000,0x00000000e8700000)
  to   space 13824K, 0% used [0x00000000ebf00000,0x00000000ebf00000,0x00000000ecc80000)
 ParOldGen       total 59392K, used 20748K [0x00000000a0000000, 0x00000000a3a00000, 0x00000000e0000000)
  object space 59392K, 34% used [0x00000000a0000000,0x00000000a1443300,0x00000000a3a00000)
 Metaspace       used 43424K, capacity 44534K, committed 44800K, reserved 1087488K
  class space    used 6005K, capacity 6307K, committed 6400K, reserved 1048576K
Event: 8.049 GC heap after
Heap after GC invocations=10 (full 2):
 PSYoungGen      total 193024K, used 13793K [0x00000000e0000000, 0x00000000eed80000, 0x0000000100000000)
  eden space 179200K, 0% used [0x00000000e0000000,0x00000000e0000000,0x00000000eaf00000)
  from space 13824K, 99% used [0x00000000ebf00000,0x00000000ecc78650,0x00000000ecc80000)
  to   space 16384K, 0% used [0x00000000eaf00000,0x00000000eaf00000,0x00000000ebf00000)
 ParOldGen       total 59392K, used 21390K [0x00000000a0000000, 0x00000000a3a00000, 0x00000000e0000000)
  object space 59392K, 36% used [0x00000000a0000000,0x00000000a14e3af8,0x00000000a3a00000)
 Metaspace       used 43424K, capacity 44534K, committed 44800K, reserved 1087488K
  class space    used 6005K, capacity 6307K, committed 6400K, reserved 1048576K
}
Event: 10.162 GC heap before
{Heap before GC invocations=11 (full 2):
 PSYoungGen      total 193024K, used 192993K [0x00000000e0000000, 0x00000000eed80000, 0x0000000100000000)
  eden space 179200K, 100% used [0x00000000e0000000,0x00000000eaf00000,0x00000000eaf00000)
  from space 13824K, 99% used [0x00000000ebf00000,0x00000000ecc78650,0x00000000ecc80000)
  to   space 16384K, 0% used [0x00000000eaf00000,0x00000000eaf00000,0x00000000ebf00000)
 ParOldGen       total 59392K, used 21390K [0x00000000a0000000, 0x00000000a3a00000, 0x00000000e0000000)
  object space 59392K, 36% used [0x00000000a0000000,0x00000000a14e3af8,0x00000000a3a00000)
 Metaspace       used 53905K, capacity 55658K, committed 55808K, reserved 1097728K
  class space    used 7439K, capacity 7872K, committed 7936K, reserved 1048576K
Event: 10.225 GC heap after
Heap after GC invocations=11 (full 2):
 PSYoungGen      total 195584K, used 16380K [0x00000000e0000000, 0x00000000f1d00000, 0x0000000100000000)
  eden space 179200K, 0% used [0x00000000e0000000,0x00000000e0000000,0x00000000eaf00000)
  from space 16384K, 99% used [0x00000000eaf00000,0x00000000ebeff288,0x00000000ebf00000)
  to   space 21504K, 0% used [0x00000000f0800000,0x00000000f0800000,0x00000000f1d00000)
 ParOldGen       total 59392K, used 27949K [0x00000000a0000000, 0x00000000a3a00000, 0x00000000e0000000)
  object space 59392K, 47% used [0x00000000a0000000,0x00000000a1b4b5e8,0x00000000a3a00000)
 Metaspace       used 53905K, capacity 55658K, committed 55808K, reserved 1097728K
  class space    used 7439K, capacity 7872K, committed 7936K, reserved 1048576K
}
Event: 12.725 GC heap before
{Heap before GC invocations=12 (full 2):
 PSYoungGen      total 195584K, used 166025K [0x00000000e0000000, 0x00000000f1d00000, 0x0000000100000000)
  eden space 179200K, 83% used [0x00000000e0000000,0x00000000e92233b0,0x00000000eaf00000)
  from space 16384K, 99% used [0x00000000eaf00000,0x00000000ebeff288,0x00000000ebf00000)
  to   space 21504K, 0% used [0x00000000f0800000,0x00000000f0800000,0x00000000f1d00000)
 ParOldGen       total 59392K, used 27949K [0x00000000a0000000, 0x00000000a3a00000, 0x00000000e0000000)
  object space 59392K, 47% used [0x00000000a0000000,0x00000000a1b4b5e8,0x00000000a3a00000)
 Metaspace       used 56850K, capacity 58910K, committed 59028K, reserved 1099776K
  class space    used 7800K, capacity 8358K, committed 8448K, reserved 1048576K
Event: 12.788 GC heap after
Heap after GC invocations=12 (full 2):
 PSYoungGen      total 263680K, used 21502K [0x00000000e0000000, 0x00000000f2980000, 0x0000000100000000)
  eden space 242176K, 0% used [0x00000000e0000000,0x00000000e0000000,0x00000000eec80000)
  from space 21504K, 99% used [0x00000000f0800000,0x00000000f1cff938,0x00000000f1d00000)
  to   space 28160K, 0% used [0x00000000eec80000,0x00000000eec80000,0x00000000f0800000)
 ParOldGen       total 59392K, used 37285K [0x00000000a0000000, 0x00000000a3a00000, 0x00000000e0000000)
  object space 59392K, 62% used [0x00000000a0000000,0x00000000a24697a0,0x00000000a3a00000)
 Metaspace       used 56850K, capacity 58910K, committed 59028K, reserved 1099776K
  class space    used 7800K, capacity 8358K, committed 8448K, reserved 1048576K
}
Event: 12.788 GC heap before
{Heap before GC invocations=13 (full 3):
 PSYoungGen      total 263680K, used 21502K [0x00000000e0000000, 0x00000000f2980000, 0x0000000100000000)
  eden space 242176K, 0% used [0x00000000e0000000,0x00000000e0000000,0x00000000eec80000)
  from space 21504K, 99% used [0x00000000f0800000,0x00000000f1cff938,0x00000000f1d00000)
  to   space 28160K, 0% used [0x00000000eec80000,0x00000000eec80000,0x00000000f0800000)
 ParOldGen       total 59392K, used 37285K [0x00000000a0000000, 0x00000000a3a00000, 0x00000000e0000000)
  object space 59392K, 62% used [0x00000000a0000000,0x00000000a24697a0,0x00000000a3a00000)
 Metaspace       used 56850K, capacity 58910K, committed 59028K, reserved 1099776K
  class space    used 7800K, capacity 8358K, committed 8448K, reserved 1048576K
Event: 13.037 GC heap after
Heap after GC invocations=13 (full 3):
 PSYoungGen      total 263680K, used 0K [0x00000000e0000000, 0x00000000f2980000, 0x0000000100000000)
  eden space 242176K, 0% used [0x00000000e0000000,0x00000000e0000000,0x00000000eec80000)
  from space 21504K, 0% used [0x00000000f0800000,0x00000000f0800000,0x00000000f1d00000)
  to   space 28160K, 0% used [0x00000000eec80000,0x00000000eec80000,0x00000000f0800000)
 ParOldGen       total 95232K, used 45103K [0x00000000a0000000, 0x00000000a5d00000, 0x00000000e0000000)
  object space 95232K, 47% used [0x00000000a0000000,0x00000000a2c0bf98,0x00000000a5d00000)
 Metaspace       used 56850K, capacity 58910K, committed 59028K, reserved 1099776K
  class space    used 7800K, capacity 8358K, committed 8448K, reserved 1048576K
}
Event: 531.689 GC heap before
{Heap before GC invocations=14 (full 3):
 PSYoungGen      total 263680K, used 242176K [0x00000000e0000000, 0x00000000f2980000, 0x0000000100000000)
  eden space 242176K, 100% used [0x00000000e0000000,0x00000000eec80000,0x00000000eec80000)
  from space 21504K, 0% used [0x00000000f0800000,0x00000000f0800000,0x00000000f1d00000)
  to   space 28160K, 0% used [0x00000000eec80000,0x00000000eec80000,0x00000000f0800000)
 ParOldGen       total 95232K, used 45103K [0x00000000a0000000, 0x00000000a5d00000, 0x00000000e0000000)
  object space 95232K, 47% used [0x00000000a0000000,0x00000000a2c0bf98,0x00000000a5d00000)
 Metaspace       used 63519K, capacity 66076K, committed 66176K, reserved 1105920K
  class space    used 8452K, capacity 9079K, committed 9088K, reserved 1048576K
Event: 531.743 GC heap after
Heap after GC invocations=14 (full 3):
 PSYoungGen      total 270336K, used 9051K [0x00000000e0000000, 0x00000000f6480000, 0x0000000100000000)
  eden space 242176K, 0% used [0x00000000e0000000,0x00000000e0000000,0x00000000eec80000)
  from space 28160K, 32% used [0x00000000eec80000,0x00000000ef556eb0,0x00000000f0800000)
  to   space 27136K, 0% used [0x00000000f4a00000,0x00000000f4a00000,0x00000000f6480000)
 ParOldGen       total 95232K, used 45111K [0x00000000a0000000, 0x00000000a5d00000, 0x00000000e0000000)
  object space 95232K, 47% used [0x00000000a0000000,0x00000000a2c0df98,0x00000000a5d00000)
 Metaspace       used 63519K, capacity 66076K, committed 66176K, reserved 1105920K
  class space    used 8452K, capacity 9079K, committed 9088K, reserved 1048576K
}

